<?xml version="1.0"?>
<FHRSEstablishment>
    <Header>
        <ExtractDate>2017-09-15</ExtractDate>
        <ItemCount>27962</ItemCount>
        <ReturnCode>Success</ReturnCode>
        <PageNumber>2</PageNumber>
        <PageSize>10</PageSize>
        <PageCount>2797</PageCount>
    </Header>
    <EstablishmentCollection xmlns:xsd="http://www.w3.org/2001/XMLSchema" xmlns:xsi="http://www.w3.org/2001/XMLSchema-instance">
        <EstablishmentDetail>
            <FHRSID>584976</FHRSID>
            <LocalAuthorityBusinessID>32556</LocalAuthorityBusinessID>
            <BusinessName>1 Stop Cafe &amp; Fish Bar</BusinessName>
            <BusinessType>Takeaway/sandwich shop</BusinessType>
            <BusinessTypeID>7844</BusinessTypeID>
            <AddressLine1>Coniston House</AddressLine1>
            <AddressLine2>Neachells Lane</AddressLine2>
            <AddressLine3>Wolverhampton</AddressLine3>
            <AddressLine4>West Midlands</AddressLine4>
            <PostCode>WV13 3RG</PostCode>
            <RatingValue>5</RatingValue>
            <RatingKey>fhrs_5_en-gb</RatingKey>
            <RightToReply />
            <RatingDate>16 September 2015</RatingDate>
            <LocalAuthorityCode>436</LocalAuthorityCode>
            <LocalAuthorityName>Wolverhampton</LocalAuthorityName>
            <LocalAuthorityWebSite>http://www.wolverhampton.gov.uk/</LocalAuthorityWebSite>
            <LocalAuthorityEmailAddress>customer.services@wolverhampton.gov.uk</LocalAuthorityEmailAddress>
            <Scores>
                <Hygiene>0</Hygiene>
                <Structural>0</Structural>
                <ConfidenceInManagement>0</ConfidenceInManagement>
            </Scores>
            <SchemeType>FHRS</SchemeType>
            <NewRatingPending>false</NewRatingPending>
            <Geocode>
                <Longitude>-2.077772</Longitude>
                <Latitude>52.5878677</Latitude>
            </Geocode>
            <Distance xsi:nil="true" />
        </EstablishmentDetail>
        <EstablishmentDetail>
            <FHRSID>683069</FHRSID>
            <LocalAuthorityBusinessID>2014/00108/COMB</LocalAuthorityBusinessID>
            <BusinessName>1-2-3 Shisha Cafe</BusinessName>
            <BusinessType>Restaurant/Cafe/Canteen</BusinessType>
            <BusinessTypeID>1</BusinessTypeID>
            <AddressLine1>Unit 2</AddressLine1>
            <AddressLine2>Romney Court</AddressLine2>
            <AddressLine3>Shepherd's Bush Green</AddressLine3>
            <AddressLine4>London</AddressLine4>
            <PostCode>W12 8PY</PostCode>
            <RatingValue>3</RatingValue>
            <RatingKey>fhrs_3_en-gb</RatingKey>
            <RightToReply />
            <RatingDate>29 June 2017</RatingDate>
            <LocalAuthorityCode>513</LocalAuthorityCode>
            <LocalAuthorityName>Hammersmith and Fulham</LocalAuthorityName>
            <LocalAuthorityWebSite>http://www.lbhf.gov.uk</LocalAuthorityWebSite>
            <LocalAuthorityEmailAddress>commercialservices@lbhf.gov.uk</LocalAuthorityEmailAddress>
            <Scores>
                <Hygiene>10</Hygiene>
                <Structural>10</Structural>
                <ConfidenceInManagement>10</ConfidenceInManagement>
            </Scores>
            <SchemeType>FHRS</SchemeType>
            <NewRatingPending>false</NewRatingPending>
            <Geocode>
                <Longitude>-0.222109</Longitude>
                <Latitude>51.50331</Latitude>
            </Geocode>
            <Distance xsi:nil="true" />
        </EstablishmentDetail>
        <EstablishmentDetail>
            <FHRSID>439816</FHRSID>
            <LocalAuthorityBusinessID>18863</LocalAuthorityBusinessID>
            <BusinessName>10 Cafe Bar</BusinessName>
            <BusinessType>Pub/bar/nightclub</BusinessType>
            <BusinessTypeID>7843</BusinessTypeID>
            <AddressLine1 />
            <AddressLine2>10-12 Castle Street</AddressLine2>
            <AddressLine3>Forfar</AddressLine3>
            <AddressLine4 />
            <PostCode>DD8 3AD</PostCode>
            <RatingValue>Pass</RatingValue>
            <RatingKey>fhis_pass_en-gb</RatingKey>
            <RightToReply />
            <RatingDate>04 August 2014</RatingDate>
            <LocalAuthorityCode>762</LocalAuthorityCode>
            <LocalAuthorityName>Angus</LocalAuthorityName>
            <LocalAuthorityWebSite>http://www.angus.gov.uk/fhis/</LocalAuthorityWebSite>
            <LocalAuthorityEmailAddress>ENVHEALTH@angus.gov.uk</LocalAuthorityEmailAddress>
            <Scores>
                <Hygiene xsi:nil="true" />
                <Structural xsi:nil="true" />
                <ConfidenceInManagement xsi:nil="true" />
            </Scores>
            <SchemeType>FHIS</SchemeType>
            <NewRatingPending>false</NewRatingPending>
            <Geocode>
                <Longitude>-2.888037</Longitude>
                <Latitude>56.64484</Latitude>
            </Geocode>
            <Distance xsi:nil="true" />
        </EstablishmentDetail>
    </EstablishmentCollection>
</FHRSEstablishment>
