<person>
    <adult_no> 40 </adult_no>
    <first_name>Marge</first_name>
    <last_name>Simpson</last_name>
</person>